{"/Users/dev/Code/hapi/hapi-whitelist/src/authenticate.ts": {"path":"/Users/dev/Code/hapi/hapi-whitelist/src/authenticate.ts","statementMap":{"0":{"start":{"line":1,"column":0},"end":{"line":1,"column":54}},"1":{"start":{"line":2,"column":0},"end":{"line":2,"column":30}},"2":{"start":{"line":4,"column":0},"end":{"line":4,"column":33}},"3":{"start":{"line":5,"column":0},"end":{"line":5,"column":34}},"4":{"start":{"line":7,"column":13},"end":{"line":25,"column":2}},"5":{"start":{"line":8,"column":21},"end":{"line":10,"column":30}},"6":{"start":{"line":13,"column":2},"end":{"line":13,"column":20}},"7":{"start":{"line":18,"column":3},"end":{"line":20,"column":17}},"8":{"start":{"line":24,"column":1},"end":{"line":24,"column":28}}},"fnMap":{"0":{"name":"(anonymous_2)","decl":{"start":{"line":7,"column":28},"end":{"line":7,"column":29}},"loc":{"start":{"line":7,"column":79},"end":{"line":25,"column":1}}}},"branchMap":{"0":{"loc":{"start":{"line":9,"column":4},"end":{"line":9,"column":44}},"type":"cond-expr","locations":[{"start":{"line":9,"column":4},"end":{"line":9,"column":44}},{"start":{"line":10,"column":4},"end":{"line":10,"column":30}}]},"1":{"loc":{"start":{"line":19,"column":6},"end":{"line":19,"column":70}},"type":"cond-expr","locations":[{"start":{"line":19,"column":6},"end":{"line":19,"column":70}},{"start":{"line":20,"column":6},"end":{"line":20,"column":16}}]}},"s":{"0":1,"1":1,"2":1,"3":1,"4":1,"5":4,"6":0,"7":2,"8":2},"f":{"0":4},"b":{"0":[0,4],"1":[1,1]}}
,"/Users/dev/Code/hapi/hapi-whitelist/src/index.ts": {"path":"/Users/dev/Code/hapi/hapi-whitelist/src/index.ts","statementMap":{"0":{"start":{"line":2,"column":0},"end":{"line":2,"column":46}},"1":{"start":{"line":3,"column":0},"end":{"line":3,"column":34}},"2":{"start":{"line":5,"column":13},"end":{"line":32,"column":2}},"3":{"start":{"line":10,"column":2},"end":{"line":10,"column":23}},"4":{"start":{"line":13,"column":3},"end":{"line":13,"column":27}},"5":{"start":{"line":18,"column":3},"end":{"line":22,"column":7}},"6":{"start":{"line":20,"column":5},"end":{"line":20,"column":37}},"7":{"start":{"line":24,"column":3},"end":{"line":29,"column":6}},"8":{"start":{"line":27,"column":5},"end":{"line":27,"column":37}}},"fnMap":{"0":{"name":"(anonymous_0)","decl":{"start":{"line":8,"column":1},"end":{"line":8,"column":9}},"loc":{"start":{"line":8,"column":38},"end":{"line":31,"column":2}}},"1":{"name":"(anonymous_2)","decl":{"start":{"line":19,"column":4},"end":{"line":19,"column":16}},"loc":{"start":{"line":19,"column":27},"end":{"line":21,"column":5}}},"2":{"name":"(anonymous_3)","decl":{"start":{"line":26,"column":4},"end":{"line":26,"column":9}},"loc":{"start":{"line":26,"column":27},"end":{"line":28,"column":5}}}},"branchMap":{"0":{"loc":{"start":{"line":8,"column":36},"end":{"line":8,"column":38}},"type":"default-arg","locations":[{"start":{"line":8,"column":36},"end":{"line":8,"column":38}}]}},"s":{"0":1,"1":1,"2":1,"3":4,"4":0,"5":2,"6":2,"7":2,"8":2},"f":{"0":4,"1":2,"2":2},"b":{"0":[0]}}
,"/Users/dev/Code/hapi/hapi-whitelist/src/config/index.ts": {"path":"/Users/dev/Code/hapi/hapi-whitelist/src/config/index.ts","statementMap":{"0":{"start":{"line":1,"column":0},"end":{"line":1,"column":32}},"1":{"start":{"line":2,"column":0},"end":{"line":2,"column":32}},"2":{"start":{"line":3,"column":0},"end":{"line":3,"column":34}},"3":{"start":{"line":7,"column":8},"end":{"line":7,"column":28}},"4":{"start":{"line":10,"column":2},"end":{"line":10,"column":15}},"5":{"start":{"line":12,"column":27},"end":{"line":12,"column":51}},"6":{"start":{"line":15,"column":3},"end":{"line":15,"column":22}},"7":{"start":{"line":16,"column":3},"end":{"line":16,"column":10}},"8":{"start":{"line":19,"column":2},"end":{"line":19,"column":22}},"9":{"start":{"line":23,"column":2},"end":{"line":23,"column":25}},"10":{"start":{"line":24,"column":2},"end":{"line":24,"column":19}},"11":{"start":{"line":28,"column":2},"end":{"line":28,"column":48}},"12":{"start":{"line":32,"column":2},"end":{"line":32,"column":34}},"13":{"start":{"line":36,"column":2},"end":{"line":36,"column":20}},"14":{"start":{"line":40,"column":2},"end":{"line":40,"column":22}},"15":{"start":{"line":44,"column":13},"end":{"line":44,"column":35}}},"fnMap":{"0":{"name":"(anonymous_1)","decl":{"start":{"line":5,"column":0},"end":{"line":5,"column":6}},"loc":{"start":{"line":5,"column":0},"end":{"line":42,"column":1}}},"1":{"name":"(anonymous_2)","decl":{"start":{"line":9,"column":8},"end":{"line":9,"column":12}},"loc":{"start":{"line":9,"column":28},"end":{"line":20,"column":2}}},"2":{"name":"(anonymous_3)","decl":{"start":{"line":22,"column":8},"end":{"line":22,"column":13}},"loc":{"start":{"line":22,"column":13},"end":{"line":25,"column":2}}},"3":{"name":"(anonymous_4)","decl":{"start":{"line":27,"column":8},"end":{"line":27,"column":11}},"loc":{"start":{"line":27,"column":43},"end":{"line":29,"column":2}}},"4":{"name":"(anonymous_5)","decl":{"start":{"line":31,"column":8},"end":{"line":31,"column":11}},"loc":{"start":{"line":31,"column":35},"end":{"line":33,"column":2}}},"5":{"name":"(anonymous_6)","decl":{"start":{"line":35,"column":8},"end":{"line":35,"column":16}},"loc":{"start":{"line":35,"column":16},"end":{"line":37,"column":2}}},"6":{"name":"(anonymous_7)","decl":{"start":{"line":39,"column":8},"end":{"line":39,"column":16}},"loc":{"start":{"line":39,"column":16},"end":{"line":41,"column":2}}}},"branchMap":{},"s":{"0":1,"1":1,"2":1,"3":1,"4":4,"5":4,"6":0,"7":0,"8":4,"9":4,"10":4,"11":14,"12":0,"13":0,"14":4,"15":1},"f":{"0":1,"1":4,"2":4,"3":14,"4":0,"5":0,"6":4},"b":{}}
,"/Users/dev/Code/hapi/hapi-whitelist/src/config/schema.ts": {"path":"/Users/dev/Code/hapi/hapi-whitelist/src/config/schema.ts","statementMap":{"0":{"start":{"line":1,"column":0},"end":{"line":1,"column":28}},"1":{"start":{"line":16,"column":13},"end":{"line":40,"column":3}}},"fnMap":{},"branchMap":{},"s":{"0":1,"1":1},"f":{},"b":{}}
}
