TN:
SF:/Users/dev/Code/hapi/hapi-whitelist/src/authenticate.ts
FN:7,(anonymous_2)
FNF:1
FNH:1
FNDA:4,(anonymous_2)
DA:1,1
DA:2,1
DA:4,1
DA:5,1
DA:7,1
DA:8,4
DA:13,0
DA:18,2
DA:24,2
LF:9
LH:8
BRDA:9,0,0,0
BRDA:9,0,1,4
BRDA:19,1,0,1
BRDA:19,1,1,1
BRF:4
BRH:3
end_of_record
TN:
SF:/Users/dev/Code/hapi/hapi-whitelist/src/index.ts
FN:8,(anonymous_0)
FN:19,(anonymous_2)
FN:26,(anonymous_3)
FNF:3
FNH:3
FNDA:4,(anonymous_0)
FNDA:2,(anonymous_2)
FNDA:2,(anonymous_3)
DA:2,1
DA:3,1
DA:5,1
DA:10,4
DA:13,0
DA:18,2
DA:20,2
DA:24,2
DA:27,2
LF:9
LH:8
BRDA:8,0,0,0
BRF:1
BRH:0
end_of_record
TN:
SF:/Users/dev/Code/hapi/hapi-whitelist/src/config/index.ts
FN:5,(anonymous_1)
FN:9,(anonymous_2)
FN:22,(anonymous_3)
FN:27,(anonymous_4)
FN:31,(anonymous_5)
FN:35,(anonymous_6)
FN:39,(anonymous_7)
FNF:7
FNH:5
FNDA:1,(anonymous_1)
FNDA:4,(anonymous_2)
FNDA:4,(anonymous_3)
FNDA:14,(anonymous_4)
FNDA:0,(anonymous_5)
FNDA:0,(anonymous_6)
FNDA:4,(anonymous_7)
DA:1,1
DA:2,1
DA:3,1
DA:7,1
DA:10,4
DA:12,4
DA:15,0
DA:16,0
DA:19,4
DA:23,4
DA:24,4
DA:28,14
DA:32,0
DA:36,0
DA:40,4
DA:44,1
LF:16
LH:12
BRF:0
BRH:0
end_of_record
TN:
SF:/Users/dev/Code/hapi/hapi-whitelist/src/config/schema.ts
FNF:0
FNH:0
DA:1,1
DA:16,1
LF:2
LH:2
BRF:0
BRH:0
end_of_record
